# JRE version: OpenJDK Runtime Environment (11.0.12+7) (build 11.0.12+7-b1504.28-7817840)
# Java VM: OpenJDK 64-Bit Server VM (11.0.12+7-b1504.28-7817840, mixed mode, tiered, compressed oops, g1 gc, windows-amd64)
Heap:
 garbage-first heap   total 260096K, used 176377K [0x0000000080000000, 0x0000000100000000)
  region size 1024K, 76 young (77824K), 16 survivors (16384K)
 Metaspace       used 97952K, capacity 100501K, committed 100556K, reserved 1136640K
  class space    used 12600K, capacity 13498K, committed 13516K, reserved 1048576K
GC Heap History (20 events):
Event: 1.813 GC heap before
{Heap before GC invocations=1 (full 0):
 garbage-first heap   total 260096K, used 110902K [0x0000000080000000, 0x0000000100000000)
  region size 1024K, 103 young (105472K), 3 survivors (3072K)
 Metaspace       used 20572K, capacity 21064K, committed 21248K, reserved 1067008K
  class space    used 2533K, capacity 2695K, committed 2816K, reserved 1048576K
}
Event: 1.822 GC heap after
{Heap after GC invocations=2 (full 0):
 garbage-first heap   total 260096K, used 17146K [0x0000000080000000, 0x0000000100000000)
  region size 1024K, 11 young (11264K), 11 survivors (11264K)
 Metaspace       used 20572K, capacity 21064K, committed 21248K, reserved 1067008K
  class space    used 2533K, capacity 2695K, committed 2816K, reserved 1048576K
}
Event: 2.237 GC heap before
{Heap before GC invocations=3 (full 0):
 garbage-first heap   total 260096K, used 65274K [0x0000000080000000, 0x0000000100000000)
  region size 1024K, 59 young (60416K), 11 survivors (11264K)
 Metaspace       used 25756K, capacity 26384K, committed 26624K, reserved 1073152K
  class space    used 3316K, capacity 3537K, committed 3584K, reserved 1048576K
}
Event: 2.243 GC heap after
{Heap after GC invocations=4 (full 0):
 garbage-first heap   total 260096K, used 19389K [0x0000000080000000, 0x0000000100000000)
  region size 1024K, 3 young (3072K), 3 survivors (3072K)
 Metaspace       used 25756K, capacity 26384K, committed 26624K, reserved 1073152K
  class space    used 3316K, capacity 3537K, committed 3584K, reserved 1048576K
}
Event: 3.365 GC heap before
{Heap before GC invocations=4 (full 0):
 garbage-first heap   total 260096K, used 116669K [0x0000000080000000, 0x0000000100000000)
  region size 1024K, 89 young (91136K), 3 survivors (3072K)
 Metaspace       used 34843K, capacity 35790K, committed 35840K, reserved 1081344K
  class space    used 4650K, capacity 4991K, committed 4992K, reserved 1048576K
}
Event: 3.371 GC heap after
{Heap after GC invocations=5 (full 0):
 garbage-first heap   total 260096K, used 36277K [0x0000000080000000, 0x0000000100000000)
  region size 1024K, 9 young (9216K), 9 survivors (9216K)
 Metaspace       used 34843K, capacity 35790K, committed 35840K, reserved 1081344K
  class space    used 4650K, capacity 4991K, committed 4992K, reserved 1048576K
}
Event: 4.446 GC heap before
{Heap before GC invocations=6 (full 0):
 garbage-first heap   total 260096K, used 157109K [0x0000000080000000, 0x0000000100000000)
  region size 1024K, 124 young (126976K), 9 survivors (9216K)
 Metaspace       used 46941K, capacity 48092K, committed 48332K, reserved 1091584K
  class space    used 6158K, capacity 6595K, committed 6604K, reserved 1048576K
}
Event: 4.454 GC heap after
{Heap after GC invocations=7 (full 0):
 garbage-first heap   total 260096K, used 44248K [0x0000000080000000, 0x0000000100000000)
  region size 1024K, 15 young (15360K), 15 survivors (15360K)
 Metaspace       used 46941K, capacity 48092K, committed 48332K, reserved 1091584K
  class space    used 6158K, capacity 6595K, committed 6604K, reserved 1048576K
}
Event: 5.252 GC heap before
{Heap before GC invocations=7 (full 0):
 garbage-first heap   total 260096K, used 174296K [0x0000000080000000, 0x0000000100000000)
  region size 1024K, 138 young (141312K), 15 survivors (15360K)
 Metaspace       used 49531K, capacity 50831K, committed 51020K, reserved 1093632K
  class space    used 6426K, capacity 6903K, committed 6988K, reserved 1048576K
}
Event: 5.263 GC heap after
{Heap after GC invocations=8 (full 0):
 garbage-first heap   total 260096K, used 52809K [0x0000000080000000, 0x0000000100000000)
  region size 1024K, 13 young (13312K), 13 survivors (13312K)
 Metaspace       used 49531K, capacity 50831K, committed 51020K, reserved 1093632K
  class space    used 6426K, capacity 6903K, committed 6988K, reserved 1048576K
}
Event: 6.962 GC heap before
{Heap before GC invocations=8 (full 0):
 garbage-first heap   total 260096K, used 197193K [0x0000000080000000, 0x0000000100000000)
  region size 1024K, 150 young (153600K), 13 survivors (13312K)
 Metaspace       used 56526K, capacity 58129K, committed 58316K, reserved 1099776K
  class space    used 7343K, capacity 7877K, committed 7884K, reserved 1048576K
}
Event: 6.971 GC heap after
{Heap after GC invocations=9 (full 0):
 garbage-first heap   total 260096K, used 64357K [0x0000000080000000, 0x0000000100000000)
  region size 1024K, 13 young (13312K), 13 survivors (13312K)
 Metaspace       used 56526K, capacity 58129K, committed 58316K, reserved 1099776K
  class space    used 7343K, capacity 7877K, committed 7884K, reserved 1048576K
}
Event: 11.838 GC heap before
{Heap before GC invocations=9 (full 0):
 garbage-first heap   total 260096K, used 147301K [0x0000000080000000, 0x0000000100000000)
  region size 1024K, 88 young (90112K), 13 survivors (13312K)
 Metaspace       used 58354K, capacity 60110K, committed 60236K, reserved 1101824K
  class space    used 7549K, capacity 8162K, committed 8268K, reserved 1048576K
}
Event: 11.852 GC heap after
{Heap after GC invocations=10 (full 0):
 garbage-first heap   total 260096K, used 81558K [0x0000000080000000, 0x0000000100000000)
  region size 1024K, 17 young (17408K), 17 survivors (17408K)
 Metaspace       used 58354K, capacity 60110K, committed 60236K, reserved 1101824K
  class space    used 7549K, capacity 8162K, committed 8268K, reserved 1048576K
}
Event: 13.104 GC heap before
{Heap before GC invocations=11 (full 0):
 garbage-first heap   total 260096K, used 199318K [0x0000000080000000, 0x0000000100000000)
  region size 1024K, 133 young (136192K), 17 survivors (17408K)
 Metaspace       used 72844K, capacity 74716K, committed 74828K, reserved 1114112K
  class space    used 9293K, capacity 9953K, committed 10060K, reserved 1048576K
}
Event: 13.114 GC heap after
{Heap after GC invocations=12 (full 0):
 garbage-first heap   total 260096K, used 89416K [0x0000000080000000, 0x0000000100000000)
  region size 1024K, 8 young (8192K), 8 survivors (8192K)
 Metaspace       used 72844K, capacity 74716K, committed 74828K, reserved 1114112K
  class space    used 9293K, capacity 9953K, committed 10060K, reserved 1048576K
}
Event: 14.223 GC heap before
{Heap before GC invocations=12 (full 0):
 garbage-first heap   total 260096K, used 205128K [0x0000000080000000, 0x0000000100000000)
  region size 1024K, 120 young (122880K), 8 survivors (8192K)
 Metaspace       used 81151K, capacity 83401K, committed 83532K, reserved 1122304K
  class space    used 10479K, capacity 11239K, committed 11340K, reserved 1048576K
}
Event: 14.229 GC heap after
{Heap after GC invocations=13 (full 0):
 garbage-first heap   total 260096K, used 95259K [0x0000000080000000, 0x0000000100000000)
  region size 1024K, 14 young (14336K), 14 survivors (14336K)
 Metaspace       used 81151K, capacity 83401K, committed 83532K, reserved 1122304K
  class space    used 10479K, capacity 11239K, committed 11340K, reserved 1048576K
}
Event: 15.479 GC heap before
{Heap before GC invocations=13 (full 0):
 garbage-first heap   total 260096K, used 217115K [0x0000000080000000, 0x0000000100000000)
  region size 1024K, 123 young (125952K), 14 survivors (14336K)
 Metaspace       used 91079K, capacity 93618K, committed 93772K, reserved 1130496K
  class space    used 11641K, capacity 12523K, committed 12620K, reserved 1048576K
}
Event: 15.490 GC heap after
{Heap after GC invocations=14 (full 0):
 garbage-first heap   total 260096K, used 115961K [0x0000000080000000, 0x0000000100000000)
  region size 1024K, 16 young (16384K), 16 survivors (16384K)
 Metaspace       used 91079K, capacity 93618K, committed 93772K, reserved 1130496K
  class space    used 11641K, capacity 12523K, committed 12620K, reserved 1048576K
}

